[debug] ----------------------------------------------------------------------
[debug] Command:      /usr/local/Cellar/node/6.2.2/bin/node /usr/local/bin/firebase deploy
[debug] CLI Version:  3.0.4
[debug] Platform:     darwin
[debug] Node Version: v6.2.2
[debug] Time:         Thu Jul 21 2016 09:39:14 GMT-0500 (CDT)
[debug] ----------------------------------------------------------------------
[debug] 
[debug] > command requires scopes: ["email","openid","https://www.googleapis.com/auth/cloudplatformprojects.readonly","https://www.googleapis.com/auth/firebase"]
[debug] >>> HTTP REQUEST GET https://admin.firebase.com/v1/projects/paperpolls 
[error] 
[error] Error: An unknown error occurred. Please contact support.
[debug] Error Context: {
  "body": {
    "error": {
      "code": "UNKNOWN_ERROR",
      "message": "An unknown error occurred. Please contact support."
    }
  },
  "response": {
    "statusCode": 500,
    "body": {
      "error": {
        "code": "UNKNOWN_ERROR",
        "message": "An unknown error occurred. Please contact support."
      }
    },
    "headers": {
      "server": "nginx",
      "date": "Thu, 21 Jul 2016 14:39:15 GMT",
      "content-type": "application/json; charset=utf-8",
      "content-length": "97",
      "connection": "close",
      "x-content-type-options": "nosniff"
    },
    "request": {
      "uri": {
        "protocol": "https:",
        "slashes": true,
        "auth": null,
        "host": "admin.firebase.com",
        "port": 443,
        "hostname": "admin.firebase.com",
        "hash": null,
        "search": null,
        "query": null,
        "pathname": "/v1/projects/paperpolls",
        "path": "/v1/projects/paperpolls",
        "href": "https://admin.firebase.com/v1/projects/paperpolls"
      },
      "method": "GET"
    }
  }
}
